[13:18:38] [main/WARN]: Ambiguity between arguments [teleport, destination] and [teleport, targets] with inputs: [Player, 0123, @e, dd12be42-52a9-4a91-a8a1-11c01849e498]
[13:18:38] [main/WARN]: Ambiguity between arguments [teleport, location] and [teleport, destination] with inputs: [0.1 -0.5 .9, 0 0 0]
[13:18:38] [main/WARN]: Ambiguity between arguments [teleport, location] and [teleport, targets] with inputs: [0.1 -0.5 .9, 0 0 0]
[13:18:38] [main/WARN]: Ambiguity between arguments [teleport, targets] and [teleport, destination] with inputs: [Player, 0123, dd12be42-52a9-4a91-a8a1-11c01849e498]
[13:18:38] [main/WARN]: Ambiguity between arguments [teleport, targets, location] and [teleport, targets, destination] with inputs: [0.1 -0.5 .9, 0 0 0]
[13:18:38] [Server thread/INFO]: Starting minecraft server version 1.15.2
[13:18:38] [Server thread/WARN]: To start the server with more ram, launch it as "java -Xmx1024M -Xms1024M -jar minecraft_server.jar"
[13:18:38] [Server thread/INFO]: Loading properties
[13:18:38] [Server thread/INFO]: Default game type: SURVIVAL
[13:18:38] [Server thread/INFO]: Generating keypair
[13:18:39] [Server thread/INFO]: Starting Minecraft server on *:42069
[13:18:39] [Server thread/INFO]: Using default channel type
[13:18:39] [Server thread/INFO]: Preparing level "world"
[13:18:40] [Server thread/INFO]: Reloading ResourceManager: Default
[13:18:42] [Server thread/INFO]: Loaded 6 recipes
[13:18:44] [Server thread/INFO]: Loaded 825 advancements
[13:18:55] [Server thread/INFO]: Preparing start region for dimension minecraft:overworld
[13:18:57] [Server thread/INFO]: Preparing spawn area: 0%
[13:18:57] [Server thread/INFO]: Preparing spawn area: 0%
[13:18:57] [Server thread/INFO]: Preparing spawn area: 0%
[13:18:57] [Server thread/INFO]: Preparing spawn area: 0%
[13:18:57] [Server thread/INFO]: Preparing spawn area: 0%
[13:18:58] [Server thread/INFO]: Time elapsed: 2804 ms
[13:18:58] [Server thread/INFO]: Done (18.675s)! For help, type "help"
[13:19:07] [User Authenticator #1/INFO]: UUID of player Rockjack02 is 97afc5f7-bc72-4310-8afe-bcbb69668cf4
[13:19:07] [Server thread/INFO]: Rockjack02[/138.246.2.73:52334] logged in with entity id 272 at (78.60087758344571, 63.0, 218.27221276008515)
[13:19:07] [Server thread/INFO]: Rockjack02 joined the game
[13:19:08] [Server thread/WARN]: Can't keep up! Is the server overloaded? Running 2009ms or 40 ticks behind
